<?xml version="1.0" encoding="UTF-8"?>
<!-- Generated by org.testng.reporters.JUnitXMLReporter -->
<testsuite ignored="0" hostname="LAPTOP-NIVB2QPG" failures="0" tests="3" name="Default test" time="17.22" errors="0" timestamp="2023-12-19T22:40:46 IST">
  <testcase classname="TestCases.HomePageTestCases" name="verifySearchVoicebutton" time="4.117"/>
  <testcase classname="TestCases.HomePageTestCases" name="verifyTitle" time="0.023"/>
  <testcase classname="TestCases.HomePageTestCases" name="verifysearchBox" time="4.139"/>
</testsuite> <!-- Default test -->
