<?xml version="1.0" encoding="UTF-8"?>
<testng-results ignored="0" total="3" passed="3" failed="0" skipped="0">
  <reporter-output>
  </reporter-output>
  <suite started-at="2023-12-19T22:40:28 IST" name="Default suite" finished-at="2023-12-19T22:40:46 IST" duration-ms="17220">
    <groups>
    </groups>
    <test started-at="2023-12-19T22:40:28 IST" name="Default test" finished-at="2023-12-19T22:40:46 IST" duration-ms="17220">
      <class name="TestCases.HomePageTestCases">
        <test-method is-config="true" signature="initializeBrowser()[pri:0, instance:TestCases.HomePageTestCases@4b0d79fc]" started-at="2023-12-19T22:40:28 IST" name="initializeBrowser" finished-at="2023-12-19T22:40:31 IST" duration-ms="3007" status="PASS">
          <reporter-output>
          </reporter-output>
        </test-method> <!-- initializeBrowser -->
        <test-method signature="verifySearchVoicebutton()[pri:0, instance:TestCases.HomePageTestCases@4b0d79fc]" started-at="2023-12-19T22:40:31 IST" name="verifySearchVoicebutton" finished-at="2023-12-19T22:40:35 IST" duration-ms="4117" status="PASS">
          <reporter-output>
          </reporter-output>
        </test-method> <!-- verifySearchVoicebutton -->
        <test-method is-config="true" signature="tearDown(org.testng.ITestResult)[pri:0, instance:TestCases.HomePageTestCases@4b0d79fc]" started-at="2023-12-19T22:40:35 IST" name="tearDown" finished-at="2023-12-19T22:40:36 IST" duration-ms="394" status="PASS">
          <params>
            <param index="0">
              <value>
                <![CDATA[[TestResult name=verifySearchVoicebutton status=SUCCESS method=HomePageTestCases.verifySearchVoicebutton()[pri:0, instance:TestCases.HomePageTestCases@4b0d79fc] output={null}]]]>
              </value>
            </param>
          </params>
          <reporter-output>
          </reporter-output>
        </test-method> <!-- tearDown -->
        <test-method is-config="true" signature="initializeBrowser()[pri:0, instance:TestCases.HomePageTestCases@4b0d79fc]" started-at="2023-12-19T22:40:36 IST" name="initializeBrowser" finished-at="2023-12-19T22:40:38 IST" duration-ms="2502" status="PASS">
          <reporter-output>
          </reporter-output>
        </test-method> <!-- initializeBrowser -->
        <test-method signature="verifyTitle()[pri:0, instance:TestCases.HomePageTestCases@4b0d79fc]" started-at="2023-12-19T22:40:38 IST" name="verifyTitle" finished-at="2023-12-19T22:40:38 IST" duration-ms="23" status="PASS">
          <reporter-output>
          </reporter-output>
        </test-method> <!-- verifyTitle -->
        <test-method is-config="true" signature="tearDown(org.testng.ITestResult)[pri:0, instance:TestCases.HomePageTestCases@4b0d79fc]" started-at="2023-12-19T22:40:38 IST" name="tearDown" finished-at="2023-12-19T22:40:39 IST" duration-ms="256" status="PASS">
          <params>
            <param index="0">
              <value>
                <![CDATA[[TestResult name=verifyTitle status=SUCCESS method=HomePageTestCases.verifyTitle()[pri:0, instance:TestCases.HomePageTestCases@4b0d79fc] output={null}]]]>
              </value>
            </param>
          </params>
          <reporter-output>
          </reporter-output>
        </test-method> <!-- tearDown -->
        <test-method is-config="true" signature="initializeBrowser()[pri:0, instance:TestCases.HomePageTestCases@4b0d79fc]" started-at="2023-12-19T22:40:39 IST" name="initializeBrowser" finished-at="2023-12-19T22:40:41 IST" duration-ms="2250" status="PASS">
          <reporter-output>
          </reporter-output>
        </test-method> <!-- initializeBrowser -->
        <test-method signature="verifysearchBox()[pri:0, instance:TestCases.HomePageTestCases@4b0d79fc]" started-at="2023-12-19T22:40:41 IST" name="verifysearchBox" finished-at="2023-12-19T22:40:45 IST" duration-ms="4139" status="PASS">
          <reporter-output>
          </reporter-output>
        </test-method> <!-- verifysearchBox -->
        <test-method is-config="true" signature="tearDown(org.testng.ITestResult)[pri:0, instance:TestCases.HomePageTestCases@4b0d79fc]" started-at="2023-12-19T22:40:45 IST" name="tearDown" finished-at="2023-12-19T22:40:46 IST" duration-ms="479" status="PASS">
          <params>
            <param index="0">
              <value>
                <![CDATA[[TestResult name=verifysearchBox status=SUCCESS method=HomePageTestCases.verifysearchBox()[pri:0, instance:TestCases.HomePageTestCases@4b0d79fc] output={null}]]]>
              </value>
            </param>
          </params>
          <reporter-output>
          </reporter-output>
        </test-method> <!-- tearDown -->
      </class> <!-- TestCases.HomePageTestCases -->
    </test> <!-- Default test -->
  </suite> <!-- Default suite -->
</testng-results>
